0 info it worked if it ends with ok
1 verbose cli [ '/usr/bin/node', '/usr/bin/npm', 'run', 'build:plugins' ]
2 info using npm@3.5.2
3 info using node@v8.10.0
4 verbose run-script [ 'prebuild:plugins', 'build:plugins', 'postbuild:plugins' ]
5 info lifecycle graviton@2.0.94~prebuild:plugins: graviton@2.0.94
6 silly lifecycle graviton@2.0.94~prebuild:plugins: no script for prebuild:plugins, continuing
7 info lifecycle graviton@2.0.94~build:plugins: graviton@2.0.94
8 verbose lifecycle graviton@2.0.94~build:plugins: unsafe-perm in lifecycle true
9 verbose lifecycle graviton@2.0.94~build:plugins: PATH: /usr/share/npm/bin/node-gyp-bin:/mnt/c/Users/mespi/Projects/Graviton-App/node_modules/.bin:/home/marc/.cargo/bin:/usr/local/sbin:/usr/local/bin:/usr/sbin:/usr/bin:/sbin:/bin:/usr/games:/usr/local/games:/mnt/c/Program Files (x86)/Common Files/Oracle/Java/javapath:/mnt/c/WINDOWS/system32:/mnt/c/WINDOWS:/mnt/c/WINDOWS/System32/Wbem:/mnt/c/WINDOWS/System32/WindowsPowerShell/v1.0/:/mnt/c/WINDOWS/System32/OpenSSH/:/mnt/c/Program Files/Git/cmd:/mnt/c/Python27/:/mnt/c/Program Files/PowerShell/7/:/mnt/c/v_windows:/mnt/c/ProgramData/chocolatey/bin:/mnt/c/Program Files (x86)/heroku/bin:/mnt/c/Program Files/qemu:/mnt/c/users/mespi/.cargo/bin:/mnt/c/Users/mespi/win.bin:/mnt/c/Users/mespi/win.bin/x64skia:/mnt/c/Users/mespi/win.bin/x64lite:/mnt/c/Users/mespi:/mnt/c/Program Files/dotnet/:/mnt/c/Users/mespi/.deno/bin:/mnt/c/Program Files/nodejs/:/mnt/c/Users/mespi/.cargo/bin:/mnt/c/Users/mespi/AppData/Local/Microsoft/WindowsApps:/mnt/c/Users/mespi/AppData/Local/Programs/Microsoft VS Code/bin:/mnt/c/Users/mespi/AppData/Local/Programs/Graviton:/mnt/c/Users/mespi/AppData/Local/atom/bin:/mnt/c/flutter/bin:/mnt/c/Program Files (x86)/Nmap:/mnt/c/Users/mespi/AppData/Local/Microsoft/WindowsApps:/mnt/c/Users/mespi/AppData/Roaming/npm:/snap/bin
10 verbose lifecycle graviton@2.0.94~build:plugins: CWD: /mnt/c/Users/mespi/Projects/Graviton-App
11 silly lifecycle graviton@2.0.94~build:plugins: Args: [ '-c', 'gulp' ]
12 silly lifecycle graviton@2.0.94~build:plugins: Returned: code: 1  signal: null
13 info lifecycle graviton@2.0.94~build:plugins: Failed to exec build:plugins script
14 verbose stack Error: graviton@2.0.94 build:plugins: `gulp`
14 verbose stack Exit status 1
14 verbose stack     at EventEmitter.<anonymous> (/usr/share/npm/lib/utils/lifecycle.js:232:16)
14 verbose stack     at emitTwo (events.js:126:13)
14 verbose stack     at EventEmitter.emit (events.js:214:7)
14 verbose stack     at ChildProcess.<anonymous> (/usr/share/npm/lib/utils/spawn.js:24:14)
14 verbose stack     at emitTwo (events.js:126:13)
14 verbose stack     at ChildProcess.emit (events.js:214:7)
14 verbose stack     at maybeClose (internal/child_process.js:925:16)
14 verbose stack     at Process.ChildProcess._handle.onexit (internal/child_process.js:209:5)
15 verbose pkgid graviton@2.0.94
16 verbose cwd /mnt/c/Users/mespi/Projects/Graviton-App
17 error Linux 4.4.0-19041-Microsoft
18 error argv "/usr/bin/node" "/usr/bin/npm" "run" "build:plugins"
19 error node v8.10.0
20 error npm  v3.5.2
21 error code ELIFECYCLE
22 error graviton@2.0.94 build:plugins: `gulp`
22 error Exit status 1
23 error Failed at the graviton@2.0.94 build:plugins script 'gulp'.
23 error Make sure you have the latest version of node.js and npm installed.
23 error If you do, this is most likely a problem with the graviton package,
23 error not with npm itself.
23 error Tell the author that this fails on your system:
23 error     gulp
23 error You can get information on how to open an issue for this project with:
23 error     npm bugs graviton
23 error Or if that isn't available, you can get their info via:
23 error     npm owner ls graviton
23 error There is likely additional logging output above.
24 verbose exit [ 1, true ]
